# JRE version: OpenJDK Runtime Environment Temurin-21.0.8+9 (21.0.8+9) (build 21.0.8+9-LTS)
# Java VM: OpenJDK 64-Bit Server VM Temurin-21.0.8+9 (21.0.8+9-LTS, mixed mode, sharing, tiered, compressed oops, compressed class ptrs, parallel gc, windows-amd64)
GC Precious Log:
 CardTable entry size: 512
 CPUs: 12 total, 12 available
 Memory: 8023M
 Large Page Support: Disabled
 NUMA Support: Disabled
 Compressed Oops: Enabled (32-bit)
 Alignments: Space 512K, Generation 512K, Heap 2M
 Heap Min Capacity: 100M
 Heap Initial Capacity: 100M
 Heap Max Capacity: 2G
 Pre-touch: Disabled
 Parallel Workers: 10
Heap:
 PSYoungGen      total 2048K, used 1454K [0x00000000d5580000, 0x00000000d5900000, 0x0000000100000000)
  eden space 1536K, 75% used [0x00000000d5580000,0x00000000d56a38b0,0x00000000d5700000)
  from space 512K, 56% used [0x00000000d5800000,0x00000000d5848000,0x00000000d5880000)
  to   space 512K, 0% used [0x00000000d5880000,0x00000000d5880000,0x00000000d5900000)
 ParOldGen       total 180224K, used 179974K [0x0000000080000000, 0x000000008b000000, 0x00000000d5580000)
  object space 180224K, 99% used [0x0000000080000000,0x000000008afc1b98,0x000000008b000000)
 Metaspace       used 74410K, committed 76096K, reserved 1179648K
  class space    used 7537K, committed 8320K, reserved 1048576K
GC Heap History (20 events):
Event: 228.128 GC heap before
{Heap before GC invocations=305 (full 3):
 PSYoungGen      total 2048K, used 2013K [0x00000000d5580000, 0x00000000d5880000, 0x0000000100000000)
  eden space 1536K, 100% used [0x00000000d5580000,0x00000000d5700000,0x00000000d5700000)
  from space 512K, 93% used [0x00000000d5780000,0x00000000d57f74f0,0x00000000d5800000)
  to   space 512K, 0% used [0x00000000d5800000,0x00000000d5800000,0x00000000d5880000)
 ParOldGen       total 175104K, used 174911K [0x0000000080000000, 0x000000008ab00000, 0x00000000d5580000)
  object space 175104K, 99% used [0x0000000080000000,0x000000008aacfe18,0x000000008ab00000)
 Metaspace       used 73696K, committed 75328K, reserved 1179648K
  class space    used 7454K, committed 8192K, reserved 1048576K
}
Event: 228.129 GC heap after
{Heap after GC invocations=305 (full 3):
 PSYoungGen      total 1024K, used 486K [0x00000000d5580000, 0x00000000d5b00000, 0x0000000100000000)
  eden space 512K, 0% used [0x00000000d5580000,0x00000000d5580000,0x00000000d5600000)
  from space 512K, 95% used [0x00000000d5800000,0x00000000d5879bf8,0x00000000d5880000)
  to   space 2048K, 0% used [0x00000000d5600000,0x00000000d5600000,0x00000000d5800000)
 ParOldGen       total 176128K, used 176100K [0x0000000080000000, 0x000000008ac00000, 0x00000000d5580000)
  object space 176128K, 99% used [0x0000000080000000,0x000000008abf9388,0x000000008ac00000)
 Metaspace       used 73696K, committed 75328K, reserved 1179648K
  class space    used 7454K, committed 8192K, reserved 1048576K
}
Event: 228.130 GC heap before
{Heap before GC invocations=306 (full 3):
 PSYoungGen      total 1024K, used 998K [0x00000000d5580000, 0x00000000d5b00000, 0x0000000100000000)
  eden space 512K, 100% used [0x00000000d5580000,0x00000000d5600000,0x00000000d5600000)
  from space 512K, 95% used [0x00000000d5800000,0x00000000d5879bf8,0x00000000d5880000)
  to   space 2048K, 0% used [0x00000000d5600000,0x00000000d5600000,0x00000000d5800000)
 ParOldGen       total 176128K, used 176100K [0x0000000080000000, 0x000000008ac00000, 0x00000000d5580000)
  object space 176128K, 99% used [0x0000000080000000,0x000000008abf9388,0x000000008ac00000)
 Metaspace       used 73696K, committed 75328K, reserved 1179648K
  class space    used 7454K, committed 8192K, reserved 1048576K
}
Event: 228.132 GC heap after
{Heap after GC invocations=306 (full 3):
 PSYoungGen      total 1536K, used 576K [0x00000000d5580000, 0x00000000d5880000, 0x0000000100000000)
  eden space 512K, 0% used [0x00000000d5580000,0x00000000d5580000,0x00000000d5600000)
  from space 1024K, 56% used [0x00000000d5600000,0x00000000d5690000,0x00000000d5700000)
  to   space 1024K, 0% used [0x00000000d5780000,0x00000000d5780000,0x00000000d5880000)
 ParOldGen       total 176640K, used 176635K [0x0000000080000000, 0x000000008ac80000, 0x00000000d5580000)
  object space 176640K, 99% used [0x0000000080000000,0x000000008ac7efa0,0x000000008ac80000)
 Metaspace       used 73696K, committed 75328K, reserved 1179648K
  class space    used 7454K, committed 8192K, reserved 1048576K
}
Event: 228.134 GC heap before
{Heap before GC invocations=307 (full 3):
 PSYoungGen      total 1536K, used 1088K [0x00000000d5580000, 0x00000000d5880000, 0x0000000100000000)
  eden space 512K, 100% used [0x00000000d5580000,0x00000000d5600000,0x00000000d5600000)
  from space 1024K, 56% used [0x00000000d5600000,0x00000000d5690000,0x00000000d5700000)
  to   space 1024K, 0% used [0x00000000d5780000,0x00000000d5780000,0x00000000d5880000)
 ParOldGen       total 176640K, used 176635K [0x0000000080000000, 0x000000008ac80000, 0x00000000d5580000)
  object space 176640K, 99% used [0x0000000080000000,0x000000008ac7efa0,0x000000008ac80000)
 Metaspace       used 73696K, committed 75328K, reserved 1179648K
  class space    used 7454K, committed 8192K, reserved 1048576K
}
Event: 228.136 GC heap after
{Heap after GC invocations=307 (full 3):
 PSYoungGen      total 2048K, used 608K [0x00000000d5580000, 0x00000000d5880000, 0x0000000100000000)
  eden space 1024K, 0% used [0x00000000d5580000,0x00000000d5580000,0x00000000d5680000)
  from space 1024K, 59% used [0x00000000d5780000,0x00000000d5818000,0x00000000d5880000)
  to   space 1024K, 0% used [0x00000000d5680000,0x00000000d5680000,0x00000000d5780000)
 ParOldGen       total 177152K, used 177123K [0x0000000080000000, 0x000000008ad00000, 0x00000000d5580000)
  object space 177152K, 99% used [0x0000000080000000,0x000000008acf8fa0,0x000000008ad00000)
 Metaspace       used 73696K, committed 75328K, reserved 1179648K
  class space    used 7454K, committed 8192K, reserved 1048576K
}
Event: 228.138 GC heap before
{Heap before GC invocations=308 (full 3):
 PSYoungGen      total 2048K, used 1632K [0x00000000d5580000, 0x00000000d5880000, 0x0000000100000000)
  eden space 1024K, 100% used [0x00000000d5580000,0x00000000d5680000,0x00000000d5680000)
  from space 1024K, 59% used [0x00000000d5780000,0x00000000d5818000,0x00000000d5880000)
  to   space 1024K, 0% used [0x00000000d5680000,0x00000000d5680000,0x00000000d5780000)
 ParOldGen       total 177152K, used 177123K [0x0000000080000000, 0x000000008ad00000, 0x00000000d5580000)
  object space 177152K, 99% used [0x0000000080000000,0x000000008acf8fa0,0x000000008ad00000)
 Metaspace       used 73696K, committed 75328K, reserved 1179648K
  class space    used 7454K, committed 8192K, reserved 1048576K
}
Event: 228.139 GC heap after
{Heap after GC invocations=308 (full 3):
 PSYoungGen      total 2048K, used 1024K [0x00000000d5580000, 0x00000000d5b00000, 0x0000000100000000)
  eden space 1024K, 0% used [0x00000000d5580000,0x00000000d5580000,0x00000000d5680000)
  from space 1024K, 100% used [0x00000000d5680000,0x00000000d5780000,0x00000000d5780000)
  to   space 2048K, 0% used [0x00000000d5900000,0x00000000d5900000,0x00000000d5b00000)
 ParOldGen       total 178176K, used 177667K [0x0000000080000000, 0x000000008ae00000, 0x00000000d5580000)
  object space 178176K, 99% used [0x0000000080000000,0x000000008ad80fa0,0x000000008ae00000)
 Metaspace       used 73696K, committed 75328K, reserved 1179648K
  class space    used 7454K, committed 8192K, reserved 1048576K
}
Event: 228.155 GC heap before
{Heap before GC invocations=309 (full 3):
 PSYoungGen      total 2048K, used 2048K [0x00000000d5580000, 0x00000000d5b00000, 0x0000000100000000)
  eden space 1024K, 100% used [0x00000000d5580000,0x00000000d5680000,0x00000000d5680000)
  from space 1024K, 100% used [0x00000000d5680000,0x00000000d5780000,0x00000000d5780000)
  to   space 2048K, 0% used [0x00000000d5900000,0x00000000d5900000,0x00000000d5b00000)
 ParOldGen       total 178176K, used 177667K [0x0000000080000000, 0x000000008ae00000, 0x00000000d5580000)
  object space 178176K, 99% used [0x0000000080000000,0x000000008ad80fa0,0x000000008ae00000)
 Metaspace       used 73760K, committed 75520K, reserved 1179648K
  class space    used 7458K, committed 8256K, reserved 1048576K
}
Event: 228.157 GC heap after
{Heap after GC invocations=309 (full 3):
 PSYoungGen      total 2560K, used 864K [0x00000000d5580000, 0x00000000d5a00000, 0x0000000100000000)
  eden space 1536K, 0% used [0x00000000d5580000,0x00000000d5580000,0x00000000d5700000)
  from space 1024K, 84% used [0x00000000d5900000,0x00000000d59d8000,0x00000000d5a00000)
  to   space 1536K, 0% used [0x00000000d5700000,0x00000000d5700000,0x00000000d5880000)
 ParOldGen       total 178688K, used 178651K [0x0000000080000000, 0x000000008ae80000, 0x00000000d5580000)
  object space 178688K, 99% used [0x0000000080000000,0x000000008ae76fa0,0x000000008ae80000)
 Metaspace       used 73760K, committed 75520K, reserved 1179648K
  class space    used 7458K, committed 8256K, reserved 1048576K
}
Event: 228.178 GC heap before
{Heap before GC invocations=310 (full 3):
 PSYoungGen      total 2560K, used 2375K [0x00000000d5580000, 0x00000000d5a00000, 0x0000000100000000)
  eden space 1536K, 98% used [0x00000000d5580000,0x00000000d56f9de0,0x00000000d5700000)
  from space 1024K, 84% used [0x00000000d5900000,0x00000000d59d8000,0x00000000d5a00000)
  to   space 1536K, 0% used [0x00000000d5700000,0x00000000d5700000,0x00000000d5880000)
 ParOldGen       total 178688K, used 178651K [0x0000000080000000, 0x000000008ae80000, 0x00000000d5580000)
  object space 178688K, 99% used [0x0000000080000000,0x000000008ae76fa0,0x000000008ae80000)
 Metaspace       used 73897K, committed 75584K, reserved 1179648K
  class space    used 7473K, committed 8256K, reserved 1048576K
}
Event: 228.179 GC heap after
{Heap after GC invocations=310 (full 3):
 PSYoungGen      total 3072K, used 447K [0x00000000d5580000, 0x00000000d5980000, 0x0000000100000000)
  eden space 1536K, 0% used [0x00000000d5580000,0x00000000d5580000,0x00000000d5700000)
  from space 1536K, 29% used [0x00000000d5700000,0x00000000d576fdd0,0x00000000d5880000)
  to   space 1024K, 0% used [0x00000000d5880000,0x00000000d5880000,0x00000000d5980000)
 ParOldGen       total 179712K, used 179395K [0x0000000080000000, 0x000000008af80000, 0x00000000d5580000)
  object space 179712K, 99% used [0x0000000080000000,0x000000008af30fa0,0x000000008af80000)
 Metaspace       used 73897K, committed 75584K, reserved 1179648K
  class space    used 7473K, committed 8256K, reserved 1048576K
}
Event: 228.199 GC heap before
{Heap before GC invocations=311 (full 3):
 PSYoungGen      total 3072K, used 1983K [0x00000000d5580000, 0x00000000d5980000, 0x0000000100000000)
  eden space 1536K, 100% used [0x00000000d5580000,0x00000000d5700000,0x00000000d5700000)
  from space 1536K, 29% used [0x00000000d5700000,0x00000000d576fdd0,0x00000000d5880000)
  to   space 1024K, 0% used [0x00000000d5880000,0x00000000d5880000,0x00000000d5980000)
 ParOldGen       total 179712K, used 179395K [0x0000000080000000, 0x000000008af80000, 0x00000000d5580000)
  object space 179712K, 99% used [0x0000000080000000,0x000000008af30fa0,0x000000008af80000)
 Metaspace       used 74029K, committed 75712K, reserved 1179648K
  class space    used 7488K, committed 8256K, reserved 1048576K
}
Event: 228.200 GC heap after
{Heap after GC invocations=311 (full 3):
 PSYoungGen      total 2048K, used 288K [0x00000000d5580000, 0x00000000d5900000, 0x0000000100000000)
  eden space 1536K, 0% used [0x00000000d5580000,0x00000000d5580000,0x00000000d5700000)
  from space 512K, 56% used [0x00000000d5880000,0x00000000d58c8000,0x00000000d5900000)
  to   space 512K, 0% used [0x00000000d5800000,0x00000000d5800000,0x00000000d5880000)
 ParOldGen       total 179712K, used 179656K [0x0000000080000000, 0x000000008af80000, 0x00000000d5580000)
  object space 179712K, 99% used [0x0000000080000000,0x000000008af72148,0x000000008af80000)
 Metaspace       used 74029K, committed 75712K, reserved 1179648K
  class space    used 7488K, committed 8256K, reserved 1048576K
}
Event: 304.817 GC heap before
{Heap before GC invocations=312 (full 3):
 PSYoungGen      total 2048K, used 1809K [0x00000000d5580000, 0x00000000d5900000, 0x0000000100000000)
  eden space 1536K, 99% used [0x00000000d5580000,0x00000000d56fc6e8,0x00000000d5700000)
  from space 512K, 56% used [0x00000000d5880000,0x00000000d58c8000,0x00000000d5900000)
  to   space 512K, 0% used [0x00000000d5800000,0x00000000d5800000,0x00000000d5880000)
 ParOldGen       total 179712K, used 179656K [0x0000000080000000, 0x000000008af80000, 0x00000000d5580000)
  object space 179712K, 99% used [0x0000000080000000,0x000000008af72148,0x000000008af80000)
 Metaspace       used 74128K, committed 75840K, reserved 1179648K
  class space    used 7514K, committed 8320K, reserved 1048576K
}
Event: 304.823 GC heap after
{Heap after GC invocations=312 (full 3):
 PSYoungGen      total 2048K, used 320K [0x00000000d5580000, 0x00000000d5900000, 0x0000000100000000)
  eden space 1536K, 0% used [0x00000000d5580000,0x00000000d5580000,0x00000000d5700000)
  from space 512K, 62% used [0x00000000d5800000,0x00000000d5850000,0x00000000d5880000)
  to   space 512K, 0% used [0x00000000d5880000,0x00000000d5880000,0x00000000d5900000)
 ParOldGen       total 180224K, used 179734K [0x0000000080000000, 0x000000008b000000, 0x00000000d5580000)
  object space 180224K, 99% used [0x0000000080000000,0x000000008af85b88,0x000000008b000000)
 Metaspace       used 74128K, committed 75840K, reserved 1179648K
  class space    used 7514K, committed 8320K, reserved 1048576K
}
Event: 304.912 GC heap before
{Heap before GC invocations=313 (full 3):
 PSYoungGen      total 2048K, used 1856K [0x00000000d5580000, 0x00000000d5900000, 0x0000000100000000)
  eden space 1536K, 100% used [0x00000000d5580000,0x00000000d5700000,0x00000000d5700000)
  from space 512K, 62% used [0x00000000d5800000,0x00000000d5850000,0x00000000d5880000)
  to   space 512K, 0% used [0x00000000d5880000,0x00000000d5880000,0x00000000d5900000)
 ParOldGen       total 180224K, used 179734K [0x0000000080000000, 0x000000008b000000, 0x00000000d5580000)
  object space 180224K, 99% used [0x0000000080000000,0x000000008af85b88,0x000000008b000000)
 Metaspace       used 74290K, committed 75968K, reserved 1179648K
  class space    used 7534K, committed 8320K, reserved 1048576K
}
Event: 304.915 GC heap after
{Heap after GC invocations=313 (full 3):
 PSYoungGen      total 2048K, used 320K [0x00000000d5580000, 0x00000000d5900000, 0x0000000100000000)
  eden space 1536K, 0% used [0x00000000d5580000,0x00000000d5580000,0x00000000d5700000)
  from space 512K, 62% used [0x00000000d5880000,0x00000000d58d0000,0x00000000d5900000)
  to   space 512K, 0% used [0x00000000d5800000,0x00000000d5800000,0x00000000d5880000)
 ParOldGen       total 180224K, used 179862K [0x0000000080000000, 0x000000008b000000, 0x00000000d5580000)
  object space 180224K, 99% used [0x0000000080000000,0x000000008afa5b98,0x000000008b000000)
 Metaspace       used 74290K, committed 75968K, reserved 1179648K
  class space    used 7534K, committed 8320K, reserved 1048576K
}
Event: 12006.415 GC heap before
{Heap before GC invocations=314 (full 3):
 PSYoungGen      total 2048K, used 1856K [0x00000000d5580000, 0x00000000d5900000, 0x0000000100000000)
  eden space 1536K, 100% used [0x00000000d5580000,0x00000000d5700000,0x00000000d5700000)
  from space 512K, 62% used [0x00000000d5880000,0x00000000d58d0000,0x00000000d5900000)
  to   space 512K, 0% used [0x00000000d5800000,0x00000000d5800000,0x00000000d5880000)
 ParOldGen       total 180224K, used 179862K [0x0000000080000000, 0x000000008b000000, 0x00000000d5580000)
  object space 180224K, 99% used [0x0000000080000000,0x000000008afa5b98,0x000000008b000000)
 Metaspace       used 74402K, committed 76096K, reserved 1179648K
  class space    used 7537K, committed 8320K, reserved 1048576K
}
Event: 12006.548 GC heap after
{Heap after GC invocations=314 (full 3):
 PSYoungGen      total 2048K, used 288K [0x00000000d5580000, 0x00000000d5900000, 0x0000000100000000)
  eden space 1536K, 0% used [0x00000000d5580000,0x00000000d5580000,0x00000000d5700000)
  from space 512K, 56% used [0x00000000d5800000,0x00000000d5848000,0x00000000d5880000)
  to   space 512K, 0% used [0x00000000d5880000,0x00000000d5880000,0x00000000d5900000)
 ParOldGen       total 180224K, used 179974K [0x0000000080000000, 0x000000008b000000, 0x00000000d5580000)
  object space 180224K, 99% used [0x0000000080000000,0x000000008afc1b98,0x000000008b000000)
 Metaspace       used 74402K, committed 76096K, reserved 1179648K
  class space    used 7537K, committed 8320K, reserved 1048576K
}

